This is TeX, Version 3.141592653 (TeX Live 2022) (preloaded format=tex 2022.10.27)  9 FEB 2023 16:47
**docstrip
(/usr/local/texlive/2022/texmf-dist/tex/latex/base/docstrip.tex
\blockLevel=\count26
\emptyLines=\count27
\processedLines=\count28
\commentsRemoved=\count29
\commentsPassed=\count30
\codeLinesPassed=\count31
\TotalprocessedLines=\count32
\TotalcommentsRemoved=\count33
\TotalcommentsPassed=\count34
\TotalcodeLinesPassed=\count35
\NumberOfFiles=\count36
\inFile=\read0
\inputcheck=\read1
\@tempcnta=\count37
\off@0=\count38
\off@1=\count39
\off@2=\count40
\off@3=\count41
\off@4=\count42
\off@5=\count43
\off@6=\count44
\off@7=\count45
\off@8=\count46
\off@9=\count47
\off@10=\count48
\off@11=\count49
\off@12=\count50
\off@13=\count51
\off@14=\count52
\off@15=\count53
\@temptokena=\toks12
\@maxfiles=\count54
\@maxoutfiles=\count55

Utility: `docstrip' v2.6a <2020-11-23>
English documentation    <2020-11-23>

**********************************************************
* This program converts documented macro-files into fast *
* loadable files by stripping off (nearly) all comments! *
**********************************************************

********************************************************
* No Configuration file found, using default settings. *
********************************************************


****************************************************
* First type the extension of your input file(s):  *
\infileext=dtx
****************************************************

****************************************************
* Now type the extension of your output file(s)  : *
\outfileext=ins
****************************************************

****************************************************
* Now type the name(s) of option(s) to include   : *
\Options=installer
****************************************************

****************************************************
* Finally give the list of input file(s) without   *
* extension separated by commas if necessary     : *
\filelist=bigfoot
****************************************************


File bigfoot.ins already exists somewhere on the system.
Overwrite it if necessary? [y/n]
\answer=y

Generating file(s) bigfoot.ins 

Processing file bigfoot.dtx (installer) -> bigfoot.ins
% % % % % % % % % % % % % % % % % % % % % % % % % % % % % % % % % % % % % % %
% % % % % % % % % % % % % % % % % % % % % % % % % % % % % % % % % % % % % % %
% % % % % <*driver . . . . % % % % % % % % % % . . . % % % % % . . . . . % % %
% % . . <driver . > . . > % % % % % % % % % % % % % % % % % % % % % % <*style
. . . . . . . . . . . . . . . % % % % % % % % % % . . . % % % % % % . . . . .
. . . . % % % % % % % % % % % % % % <trace . > <trace . > <trace . >
<trace . > <trace . > <trace . > <trace . > <trace . > <trace . > % % % % %
<trace . > <trace . > <trace . > <trace . > <trace . > <trace . > <trace . >
<trace . > . % % % % % % % % % . . . . . % % % % % % % % % % % % % % % % % . .
. . . . % % % % % % % % % % % % % % % % % % . . . . . . . . . % % % % % % % %
. % % % % % % % % % % % . . . . . . . . . . . . . . . % % % % % % % % % % % %
. . . . . . . . . . . . . . . . . . . % % % % % % . . % % % % % % . . . . . %
% % % % % % % % % % % % . . . . . % % % % % % % % . . . % % % % % % % % . . .
. . % % % % % % % % % % % % % % % % % % % % % % % % % % . . . . . . % % % % %
% % . . . . . . . . . . . . . . . % % % % % % % % % % % % % % % % % . . . .
<trace . > <trace . > <trace . > <trace . > <trace . > <trace . > <trace . >
<trace . > <trace . > % % % % % % % % % . . % % % % % % % % % . . . . . . . .
<trace . > . % % % % % % . <trace . > . . % % % % % % % % % % % % % % % % % %
% % . % % % % % % . . . . % % % % % . . . . . . . . . . . % % % % % % . . . .
% % % % % % . . . . . . . % % % . . . . % % % % % % % % % . . . . . . % % % %
% % % % % . % % % % % % % % % % % % % % % % % . . . . . . . . . % % % % % % %
. . . % % % % % % % . . % % % % % % % % . . . . . . . . . . . . % % % % % % .
. . . % % % % % % . . . . . % % % % % . . % % % % % % % % % % % % % % % % % .
. . . % % % % % % % % % . . . . . . . . . . . . . . . . . . . % % % % % % % %
% % % % % % % % % % % % % % % % % . . . . . . . . . . . . . . . . . . . . % %
% % % % % % . . . . . . . . . . % % % % % % % % % % % . . % % % % % % % % % %
% % % % % % % % % % . <trace . > . . <trace . > . . . . . . . . % % % % % % %
% . . . . . . . . . . . . . . . <trace . > . . <trace . > . . . . % % % % % %
% % % % % % % % % . . . . . . . . % % % % % % . % % % % % % % % % % .
<trace . > . . . . . . . . . . . . . % % % % % % % % % . . . % % % % % . % % %
% % % . . . . % % % % % % % . <trace . > . . <trace . > . . . . <trace . > . .
. . . . . % % % % % % % % % % % % % % % % % % % % % % . . . . % % % % % % % %
% . . % % % % % % % % % % . . . . . . . . . . . . . . . . . . % % % % % . . %
% % % % . . % % % % % % % . % % % % % % % % % % % % % % % % % % % % % % % % %
% . . . . % % % % % % % % . % % % % % % % % . . . . % % % % % . . . . % % % %
% % % % % % . . . . . . % % % % . . . . . % % % % % . . . . . . . % % % % % .
. % % % . . . . . . % % % % % . . % % % % % . . . . . . % % % . . . % % % % %
. . . . . . . . . . . . . . . . . . . . % % % % % % % % % % % % % . . . . . .
. % % % % % . . . . . % % % % % % . . . % % % % % % % % % . . . . . . . . . .
. . . . . . . . . . . . . . . . . . . . . . . . . . . . . . . . . . . . . . %
% % % % % % % % % . . . . . . . . % % % % % % % % % % . . . . . . . % % % % .
. <trace . > <trace . > <trace . > % % % % % . . . . . . . . % % % % % . . . .
. . . . <trace . > <trace . > <trace . > <trace . > <trace . > <trace . >
<trace . > % % % % % <trace . > <trace . > <trace . > <trace . > <trace . >
<trace . > <trace . > <trace . > <trace . > % % % <trace . > <trace . >
<trace . > <trace . > <trace . > <trace . > <trace . > <trace . > <trace . >
<trace . > % % % % % % % % % % % % . . . . <trace . > <trace . > <trace . >
<trace . > . <trace . > . . <trace . > <trace . > <trace . > <trace . > . .
<trace . > <trace . > <trace . > <trace . > <trace . > <trace . > <trace . > .
% % % % % % % % % % % % % % % . <trace . > . % % % % % % . . . . . . . . % % %
% . . % % % . . . . . . . . % % % % % . . . . . . . . . . . . . % % % % % % %
% % % % % % % % % % % % % % % % % % % % % % % % % % % % % % % % % % % % % % %
% % % % % % % % % % % % % % % % % % % % % % % % % % % % % % % % % % % % % % %
% % % % % % % % % % % % % % % % % % % % % % % % % % % % % % % % % % % % % % %
% % % % % % % % % % % % % % % % % % % % % % % % % % % % % % . . . . . . . . .
. . . . . . . . . . . . . . . . . . . . . . . . . % % % % % % . . . . % % % %
% % % % . . . . . % % % . . . . . . . . . . . . % % % % % % % % . . . . % % %
% % % % . . . . % % % % % % % % % % % . . . . . . % % % % % % . . % % % % % %
% % % % % % % % % . . . . . . . . . . . . . . . . . % % % % % % % % % . . . .
% % % % % % % % % % % % % % % % % % % % % % % % % % % % % % % % % % % % % % %
% % % % % % % % % % % % % % % % % % % % % . % % % % % % % % % % % % % % % % %
% % % % % % % % % % % % % % % % % % % % % % % % % . . . . . <trace . >
<trace . > <trace . > <trace . > . <trace . > <trace . > <trace . > . . . . .
. . . . % % % % . . . . . . . . . . % % % % % % . . % % % % % % % % % . . . %
% % % % . % % % % . . . . . . . . . . . . . % % % % . <trace . > <trace . >
<trace . > <trace . > % % % % % . . <trace . > <trace . > . . . . . . . . . .
. . . . <trace . > <trace . > % % % % % % % % % % <trace . > <trace . >
<trace . > <trace . > . % % % % % % % % % % % % % % % % % % . . . . . . . . .
. . . . <trace . > <trace . > <trace . > . % % % % % % % % % % . <trace . >
<trace . > <trace . > . . . . . . . . . . . . . . . . . . % % % % % % % % .
<trace . > % % % % % % % % % . . % % % . . . . <trace . > <trace . >
<trace . > . % % % % % % % % % . . % % % % % % % % . % % % . % % % . . % % % %
. % % % % % . % % % % . . . . . . . . . . . % % % % % % . . . . % % % % % % %
. . . . . . . % % % % % % % % % % % % . . . . . <trace . > <trace . > . . . .
. . . . . <trace . > . . . . . . . . . . . . . % % % % % % % % % . . . % % . .
. . . . % % % % % % % . . . . . . . . . . . . . . . . . . . . . % % % % % % %
% % % % % % % % % . . . . . . . . . .